<?xml version="1.0" encoding="UTF-8"?>
<!-- Generated by org.testng.reporters.JUnitReportReporter -->
<testsuite skipped="0" hostname="jatin-X541UJ" name="Enquiry_form.Enquiry_Form" tests="1" failures="0" timestamp="05 Mar 2018 15:41:32 GMT" time="46.035" errors="0">
  <testcase name="Enquiry_a_form" time="46.035" classname="Enquiry_form.Enquiry_Form"/>
</testsuite> <!-- Enquiry_form.Enquiry_Form -->
